<?xml version="1.0" encoding="UTF-8" standalone="yes"?>
<testsuites name="EmployeeList" time="38" tests="3" failures="0" errors="0">
    <testsuite name="EmployeeList" tests="3" failures="0" errors="0" time="38" timestamp="2019-08-19 11:45:02" hostname="celia - DESKTOP-P6I39NA" id="Test Suites/Directory/EmployeeList">
        <properties>
            <property name="deviceName" value=""/>
            <property name="devicePlatform" value=""/>
            <property name="logFolder" value="C:\\Users\\celia\\git\\HRPotal-Tests\\Reports\\20190819_114455\\Directory\\EmployeeList\\20190819_114455"/>
            <property name="logFiles" value="C:\\Users\\celia\\git\\HRPotal-Tests\\Reports\\20190819_114455\\Directory\\EmployeeList\\20190819_114455\\execution0.log"/>
            <property name="attachments" value=""/>
            <property name="hostName" value="celia - DESKTOP-P6I39NA"/>
            <property name="os" value="Windows 10 64bit"/>
            <property name="katalonVersion" value="6.3.2.4"/>
            <property name="browser" value="Chrome 76.0.3809.100"/>
            <property name="hostAddress" value="192.168.0.104"/>
            <property name="sessionId" value="639e3cf9b1ebfb72200262095be758fc"/>
            <property name="seleniumVersion" value="3.141.59"/>
            <property name="proxyInformation" value="ProxyInformation{proxyOption=NO_PROXY, proxyServerType=HTTP, password=, proxyServerAddress=, proxyServerPort=0}"/>
            <property name="platform" value="Windows 10"/>
        </properties>
        <testcase name="Test Cases/Directory/EmployeeList/Test Directory" classname="Test Cases/Directory/EmployeeList/Test Directory" status="PASSED">
            <system-out>2019-08-19 11:45:03 - [TEST_CASE][PASSED] - Test Cases/Directory/EmployeeList/Test Directory: Test Cases/Directory/EmployeeList/Test Directory&#xD;
&#xD;
2019-08-19 11:45:03 - [TEST_STEP][PASSED] - openBrowser(""): Browser is opened with url: ''&#xD;
&#xD;
2019-08-19 11:45:04 - [MESSAGE][INFO] - Starting 'Chrome' driver&#xD;
&#xD;
2019-08-19 11:45:04 - [MESSAGE][INFO] - Action delay is set to 0 seconds&#xD;
&#xD;
2019-08-19 11:45:09 - [MESSAGE][PASSED] - Browser is opened with url: ''&#xD;
&#xD;
2019-08-19 11:45:09 - [TEST_STEP][PASSED] - navigateToUrl("https://internal.itup.pt/Menu_HRPortal/NoPermission.aspx"): Navigate to 'https://internal.itup.pt/Menu_HRPortal/NoPermission.aspx' successfully&#xD;
&#xD;
2019-08-19 11:45:10 - [MESSAGE][PASSED] - Navigate to 'https://internal.itup.pt/Menu_HRPortal/NoPermission.aspx' successfully&#xD;
&#xD;
2019-08-19 11:45:10 - [TEST_STEP][PASSED] - setText(findTestObject("Object Repository/Repository_Directory/Test Directory/Page_Login/input_Remember login_WebPatterns_wt11blockwtUsernamewtUserNameInput"), "ines.peguicha.dev"): Text 'ines.peguicha.dev' is set on object 'Object Repository/Repository_Directory/Test Directory/Page_Login/input_Remember login_WebPatterns_wt11blockwtUsernamewtUserNameInput'&#xD;
&#xD;
2019-08-19 11:45:11 - [MESSAGE][PASSED] - Text 'ines.peguicha.dev' is set on object 'Object Repository/Repository_Directory/Test Directory/Page_Login/input_Remember login_WebPatterns_wt11blockwtUsernamewtUserNameInput'&#xD;
&#xD;
2019-08-19 11:45:11 - [TEST_STEP][PASSED] - setEncryptedText(findTestObject("Object Repository/Repository_Directory/Test Directory/Page_Login/input_Remember login_WebPatterns_wt11blockwtPasswordwtPasswordInput"), "aeHFOx8jV/A="): Text ****** has been set on object 'Object Repository/Repository_Directory/Test Directory/Page_Login/input_Remember login_WebPatterns_wt11blockwtPasswordwtPasswordInput'&#xD;
&#xD;
2019-08-19 11:45:11 - [MESSAGE][PASSED] - Text ****** has been set on object 'Object Repository/Repository_Directory/Test Directory/Page_Login/input_Remember login_WebPatterns_wt11blockwtPasswordwtPasswordInput'&#xD;
&#xD;
2019-08-19 11:45:11 - [TEST_STEP][PASSED] - click(findTestObject("Object Repository/Repository_Directory/Test Directory/Page_Login/input_Remember login_WebPatterns_wt11blockwtActionwtLoginButton")): Object: 'Object Repository/Repository_Directory/Test Directory/Page_Login/input_Remember login_WebPatterns_wt11blockwtActionwtLoginButton' is clicked on&#xD;
&#xD;
2019-08-19 11:45:18 - [MESSAGE][PASSED] - Object: 'Object Repository/Repository_Directory/Test Directory/Page_Login/input_Remember login_WebPatterns_wt11blockwtActionwtLoginButton' is clicked on&#xD;
&#xD;
2019-08-19 11:45:18 - [TEST_STEP][PASSED] - click(findTestObject("Object Repository/Repository_Directory/Test Directory/Page_HomePage/span_Directory")): Object: 'Object Repository/Repository_Directory/Test Directory/Page_HomePage/span_Directory' is clicked on&#xD;
&#xD;
2019-08-19 11:45:23 - [MESSAGE][PASSED] - Object: 'Object Repository/Repository_Directory/Test Directory/Page_HomePage/span_Directory' is clicked on&#xD;
&#xD;
2019-08-19 11:45:23 - [TEST_STEP][PASSED] - closeBrowser(): Browser is closed&#xD;
&#xD;
2019-08-19 11:45:24 - [MESSAGE][PASSED] - Browser is closed</system-out>
            <system-err></system-err>
        </testcase>
        <testcase name="Test Cases/Directory/EmployeeList/Test Directory_FilterByJobTitle" classname="Test Cases/Directory/EmployeeList/Test Directory_FilterByJobTitle" status="PASSED">
            <system-out>2019-08-19 11:45:24 - [TEST_CASE][PASSED] - Test Cases/Directory/EmployeeList/Test Directory_FilterByJobTitle: Test Cases/Directory/EmployeeList/Test Directory_FilterByJobTitle&#xD;
&#xD;
2019-08-19 11:45:24 - [TEST_STEP][PASSED] - openBrowser(""): Browser is opened with url: ''&#xD;
&#xD;
2019-08-19 11:45:24 - [MESSAGE][INFO] - Starting 'Chrome' driver&#xD;
&#xD;
2019-08-19 11:45:27 - [MESSAGE][PASSED] - Browser is opened with url: ''&#xD;
&#xD;
2019-08-19 11:45:27 - [TEST_STEP][PASSED] - navigateToUrl("https://internal.itup.pt/Menu_HRPortal/NoPermission.aspx"): Navigate to 'https://internal.itup.pt/Menu_HRPortal/NoPermission.aspx' successfully&#xD;
&#xD;
2019-08-19 11:45:28 - [MESSAGE][PASSED] - Navigate to 'https://internal.itup.pt/Menu_HRPortal/NoPermission.aspx' successfully&#xD;
&#xD;
2019-08-19 11:45:28 - [TEST_STEP][PASSED] - setText(findTestObject("Object Repository/Repository_Directory/Test Directory_FilterByJobTitle/Page_Login/input_Remember login_WebPatterns_wt11blockwtUsernamewtUserNameInput"), "ines.peguicha.dev"): Text 'ines.peguicha.dev' is set on object 'Object Repository/Repository_Directory/Test Directory_FilterByJobTitle/Page_Login/input_Remember login_WebPatterns_wt11blockwtUsernamewtUserNameInput'&#xD;
&#xD;
2019-08-19 11:45:28 - [MESSAGE][PASSED] - Text 'ines.peguicha.dev' is set on object 'Object Repository/Repository_Directory/Test Directory_FilterByJobTitle/Page_Login/input_Remember login_WebPatterns_wt11blockwtUsernamewtUserNameInput'&#xD;
&#xD;
2019-08-19 11:45:28 - [TEST_STEP][PASSED] - setEncryptedText(findTestObject("Object Repository/Repository_Directory/Test Directory_FilterByJobTitle/Page_Login/input_Remember login_WebPatterns_wt11blockwtPasswordwtPasswordInput"), "aeHFOx8jV/A="): Text ****** has been set on object 'Object Repository/Repository_Directory/Test Directory_FilterByJobTitle/Page_Login/input_Remember login_WebPatterns_wt11blockwtPasswordwtPasswordInput'&#xD;
&#xD;
2019-08-19 11:45:29 - [MESSAGE][PASSED] - Text ****** has been set on object 'Object Repository/Repository_Directory/Test Directory_FilterByJobTitle/Page_Login/input_Remember login_WebPatterns_wt11blockwtPasswordwtPasswordInput'&#xD;
&#xD;
2019-08-19 11:45:29 - [TEST_STEP][PASSED] - click(findTestObject("Object Repository/Repository_Directory/Test Directory_FilterByJobTitle/Page_Login/input_Remember login_WebPatterns_wt11blockwtActionwtLoginButton")): Object: 'Object Repository/Repository_Directory/Test Directory_FilterByJobTitle/Page_Login/input_Remember login_WebPatterns_wt11blockwtActionwtLoginButton' is clicked on&#xD;
&#xD;
2019-08-19 11:45:30 - [MESSAGE][PASSED] - Object: 'Object Repository/Repository_Directory/Test Directory_FilterByJobTitle/Page_Login/input_Remember login_WebPatterns_wt11blockwtActionwtLoginButton' is clicked on&#xD;
&#xD;
2019-08-19 11:45:30 - [TEST_STEP][PASSED] - click(findTestObject("Object Repository/Repository_Directory/Test Directory_FilterByJobTitle/Page_HomePage/span_Directory")): Object: 'Object Repository/Repository_Directory/Test Directory_FilterByJobTitle/Page_HomePage/span_Directory' is clicked on&#xD;
&#xD;
2019-08-19 11:45:30 - [MESSAGE][PASSED] - Object: 'Object Repository/Repository_Directory/Test Directory_FilterByJobTitle/Page_HomePage/span_Directory' is clicked on&#xD;
&#xD;
2019-08-19 11:45:30 - [TEST_STEP][PASSED] - click(findTestObject("Object Repository/Repository_Directory/Test Directory_FilterByJobTitle/Page_Directory - Employees/img")): Object: 'Object Repository/Repository_Directory/Test Directory_FilterByJobTitle/Page_Directory - Employees/img' is clicked on&#xD;
&#xD;
2019-08-19 11:45:31 - [MESSAGE][PASSED] - Object: 'Object Repository/Repository_Directory/Test Directory_FilterByJobTitle/Page_Directory - Employees/img' is clicked on&#xD;
&#xD;
2019-08-19 11:45:31 - [TEST_STEP][PASSED] - closeBrowser(): Browser is closed&#xD;
&#xD;
2019-08-19 11:45:32 - [MESSAGE][PASSED] - Browser is closed</system-out>
            <system-err></system-err>
        </testcase>
        <testcase name="Test Cases/Directory/EmployeeList/Test Directory_UserDetail" classname="Test Cases/Directory/EmployeeList/Test Directory_UserDetail" status="PASSED">
            <system-out>2019-08-19 11:45:32 - [TEST_CASE][PASSED] - Test Cases/Directory/EmployeeList/Test Directory_UserDetail: Test Cases/Directory/EmployeeList/Test Directory_UserDetail&#xD;
&#xD;
2019-08-19 11:45:32 - [TEST_STEP][PASSED] - callTestCase(findTestCase("Login"), [:], STOP_ON_FAILURE): Call Test Case 'Test Cases/Login' successfully&#xD;
&#xD;
2019-08-19 11:45:32 - [TEST_CASE][PASSED] - Test Cases/Login: Test Cases/Login&#xD;
&#xD;
2019-08-19 11:45:32 - [TEST_STEP][PASSED] - openBrowser("https://internal.itup.pt/Menu_HRPortal/"): Browser is opened with url: 'https://internal.itup.pt/Menu_HRPortal/'&#xD;
&#xD;
2019-08-19 11:45:32 - [MESSAGE][INFO] - Starting 'Chrome' driver&#xD;
&#xD;
2019-08-19 11:45:36 - [MESSAGE][PASSED] - Browser is opened with url: 'https://internal.itup.pt/Menu_HRPortal/'&#xD;
&#xD;
2019-08-19 11:45:36 - [TEST_STEP][PASSED] - setText(findTestObject("Repository_Login/Page_Login/input_Remember login_WebPatterns_wt11blockwtUsernamewtUserNameInput"), "vera.sa.dev"): Text 'vera.sa.dev' is set on object 'Object Repository/Repository_Login/Page_Login/input_Remember login_WebPatterns_wt11blockwtUsernamewtUserNameInput'&#xD;
&#xD;
2019-08-19 11:45:36 - [MESSAGE][PASSED] - Text 'vera.sa.dev' is set on object 'Object Repository/Repository_Login/Page_Login/input_Remember login_WebPatterns_wt11blockwtUsernamewtUserNameInput'&#xD;
&#xD;
2019-08-19 11:45:36 - [TEST_STEP][PASSED] - setEncryptedText(findTestObject("Repository_Login/Page_Login/input_Remember login_WebPatterns_wt11blockwtPasswordwtPasswordInput"), "cg8jwKbxrF5lyUjQhNW9xA=="): Text ****** has been set on object 'Object Repository/Repository_Login/Page_Login/input_Remember login_WebPatterns_wt11blockwtPasswordwtPasswordInput'&#xD;
&#xD;
2019-08-19 11:45:37 - [MESSAGE][PASSED] - Text ****** has been set on object 'Object Repository/Repository_Login/Page_Login/input_Remember login_WebPatterns_wt11blockwtPasswordwtPasswordInput'&#xD;
&#xD;
2019-08-19 11:45:37 - [TEST_STEP][PASSED] - click(findTestObject("Repository_Login/Page_Login/input_Remember login_WebPatterns_wt11blockwtActionwtLoginButton")): Object: 'Object Repository/Repository_Login/Page_Login/input_Remember login_WebPatterns_wt11blockwtActionwtLoginButton' is clicked on&#xD;
&#xD;
2019-08-19 11:45:38 - [MESSAGE][PASSED] - Object: 'Object Repository/Repository_Login/Page_Login/input_Remember login_WebPatterns_wt11blockwtActionwtLoginButton' is clicked on&#xD;
&#xD;
2019-08-19 11:45:38 - [MESSAGE][PASSED] - Call Test Case 'Test Cases/Login' successfully&#xD;
&#xD;
2019-08-19 11:45:38 - [TEST_STEP][PASSED] - navigateToUrl("https://internal.itup.pt/Directory/Employee_List.aspx"): Navigate to 'https://internal.itup.pt/Directory/Employee_List.aspx' successfully&#xD;
&#xD;
2019-08-19 11:45:39 - [MESSAGE][PASSED] - Navigate to 'https://internal.itup.pt/Directory/Employee_List.aspx' successfully&#xD;
&#xD;
2019-08-19 11:45:39 - [TEST_STEP][PASSED] - click(findTestObject("Object Repository/Page_Directory - Employees/div_Andr FlixDeveloperOrg ITUp - Services_2")): Object: 'Object Repository/Page_Directory - Employees/div_Andr FlixDeveloperOrg ITUp - Services_2' is clicked on&#xD;
&#xD;
2019-08-19 11:45:39 - [MESSAGE][PASSED] - Object: 'Object Repository/Page_Directory - Employees/div_Andr FlixDeveloperOrg ITUp - Services_2' is clicked on&#xD;
&#xD;
2019-08-19 11:45:39 - [TEST_STEP][PASSED] - click(findTestObject("Object Repository/Page_Directory - Employees/span_Org OSQuay 2_fa fa-fw fa-pencil_1")): Object: 'Object Repository/Page_Directory - Employees/span_Org OSQuay 2_fa fa-fw fa-pencil_1' is clicked on&#xD;
&#xD;
2019-08-19 11:45:40 - [MESSAGE][PASSED] - Object: 'Object Repository/Page_Directory - Employees/span_Org OSQuay 2_fa fa-fw fa-pencil_1' is clicked on</system-out>
            <system-err></system-err>
        </testcase>
        <system-out>2019-08-19 11:45:02 - [TEST_SUITE][INCOMPLETE] - EmployeeList: null</system-out>
        <system-err>2019-08-19 11:45:02 - [TEST_SUITE][INCOMPLETE] - EmployeeList: null</system-err>
    </testsuite>
</testsuites>
